[GIN-debug] [WARNING] Creating an Engine instance with the Logger and Recovery middleware already attached.

[GIN-debug] [WARNING] Running in "debug" mode. Switch to "release" mode in production.
 - using env:	export GIN_MODE=release
 - using code:	gin.SetMode(gin.ReleaseMode)

[GIN-debug] POST   /user/register            --> chat/business.Register (3 handlers)
[GIN-debug] POST   /user/login               --> chat/business.Login (3 handlers)
[GIN-debug] GET    /conversation/list        --> chat/routers.ConversationList (3 handlers)
[GIN-debug] POST   /conversation/addconversation --> chat/routers.AddConversation (3 handlers)
[GIN-debug] GET    /conversation/record      --> chat/routers.ChatRecords (3 handlers)
[GIN-debug] POST   /conversation/delete      --> chat/routers.DelConversation (3 handlers)
[GIN-debug] POST   /conversation/revokeMsg   --> chat/routers.RevokeMsg (3 handlers)
[GIN-debug] POST   /group/create             --> chat/routers.CreateGroup (3 handlers)
[GIN-debug] POST   /group/updatename         --> chat/routers.UpdateName (3 handlers)
[GIN-debug] POST   /group/addmanager         --> chat/routers.AddManager (3 handlers)
[GIN-debug] POST   /group/addmember          --> chat/routers.AddMember (3 handlers)
[GIN-debug] POST   /group/delmember          --> chat/routers.RemoveMember (3 handlers)
[GIN-debug] POST   /group/updateavater       --> chat/routers.AddAvatar (3 handlers)
[GIN-debug] POST   /group/transfer           --> chat/routers.Transfer (3 handlers)
[GIN-debug] POST   /group/del                --> chat/routers.Del (3 handlers)
[GIN-debug] POST   /group/join               --> chat/routers.Join (3 handlers)
[GIN-debug] POST   /group/exit               --> chat/routers.Exit (3 handlers)
[GIN-debug] GET    /index/neardynamic        --> chat/business.NearDynamicList (3 handlers)
[GIN-debug] POST   /index/dynamic            --> chat/business.InsertDynamic (3 handlers)
[GIN-debug] POST   /index/dynamic/like       --> chat/business.LikeDynamic (3 handlers)
[GIN-debug] GET    /travel/list              --> chat/business.GetTravel (3 handlers)
[GIN-debug] POST   /travel/publish           --> chat/business.PublishTravel (3 handlers)
[GIN-debug] POST   /travel/join              --> chat/business.JoinTravel (3 handlers)
[GIN-debug] POST   /travel/exit              --> chat/business.ExitTravel (3 handlers)
[GIN-debug] GET    /love/list                --> chat/business.GetLoveAll (3 handlers)
[GIN-debug] PUT    /love/publish             --> chat/business.PublishLove (3 handlers)
[GIN-debug] GET    /comment/list             --> chat/business.GetComments (3 handlers)
[GIN-debug] POST   /comment/create           --> chat/business.InsertComment (3 handlers)
[GIN-debug] POST   /comment/like             --> chat/business.LikeComment (3 handlers)
[GIN-debug] POST   /help/inform              --> github.com/gin-gonic/gin.RecoveryWithWriter.func1 (2 handlers)
[GIN-debug] GET    /resource/image/list/*filepath --> github.com/gin-gonic/gin.(*RouterGroup).createStaticHandler.func1 (3 handlers)
[GIN-debug] HEAD   /resource/image/list/*filepath --> github.com/gin-gonic/gin.(*RouterGroup).createStaticHandler.func1 (3 handlers)
[GIN-debug] GET    /resource/apks/*filepath  --> github.com/gin-gonic/gin.(*RouterGroup).createStaticHandler.func1 (3 handlers)
[GIN-debug] HEAD   /resource/apks/*filepath  --> github.com/gin-gonic/gin.(*RouterGroup).createStaticHandler.func1 (3 handlers)
[GIN-debug] POST   /resource/image/dynamic/  --> chat/business.GetUploadDynamicImage (3 handlers)
[GIN-debug] POST   /resource/app/upload      --> chat/business.UpdateApp (3 handlers)
[GIN-debug] GET    /resource/app/newapp      --> chat/business.GetNewApp (3 handlers)
[GIN-debug] GET    /area/list                --> chat/business.GetAreas (3 handlers)
[GIN-debug] GET    /api/*any                 --> github.com/swaggo/gin-swagger.CustomWrapHandler.func1 (3 handlers)
[GIN-debug] Listening and serving HTTP on :8080
[GIN] 2020/12/17 - 16:50:42 | 200 |    360.9999ms |             ::1 | POST     "/conversation/addconversation"
