[GIN-debug] [WARNING] Creating an Engine instance with the Logger and Recovery middleware already attached.

[GIN-debug] [WARNING] Running in "debug" mode. Switch to "release" mode in production.
 - using env:	export GIN_MODE=release
 - using code:	gin.SetMode(gin.ReleaseMode)

[GIN-debug] GET    /user/conversations       --> chat/controllers/msg.GetConversations (3 handlers)
[GIN-debug] POST   /user/register            --> chat/controllers/accounts.Register (3 handlers)
[GIN-debug] POST   /user/login               --> chat/controllers/accounts.Login (3 handlers)
[GIN-debug] GET    /user/record              --> chat/controllers/msg.GetChatRecord (3 handlers)
[GIN-debug] POST   /user/avatar              --> chat/controllers/accounts.UploadAvatar (3 handlers)
[GIN-debug] POST   /user/modify              --> chat/controllers/accounts.ModifyInfo (3 handlers)
[GIN-debug] GET    /index/neardynamic        --> chat/controllers/normal.NearDynamic (3 handlers)
[GIN-debug] POST   /index/dynamic            --> chat/controllers/normal.PublishDynamic (3 handlers)
[GIN-debug] POST   /index/loveintro          --> chat/controllers/accounts.PublishLoveIntro (3 handlers)
[GIN-debug] GET    /resource/upload/*filepath --> github.com/gin-gonic/gin.(*RouterGroup).createStaticHandler.func1 (3 handlers)
[GIN-debug] HEAD   /resource/upload/*filepath --> github.com/gin-gonic/gin.(*RouterGroup).createStaticHandler.func1 (3 handlers)
[GIN-debug] POST   /resource/uploadimg       --> chat/controllers/normal.UploadImg (3 handlers)
[GIN-debug] GET    /api/*any                 --> github.com/swaggo/gin-swagger.CustomWrapHandler.func1 (3 handlers)
[GIN-debug] Listening and serving HTTP on :8080
[GIN] 2020/07/06 - 15:22:27 | 200 |       996.9µs |             ::1 | GET      "/api/index.html"
[GIN] 2020/07/06 - 15:22:27 | 200 |            0s |             ::1 | GET      "/api/swagger-ui.css"
[GIN] 2020/07/06 - 15:22:27 | 200 |      1.0003ms |             ::1 | GET      "/api/swagger-ui-standalone-preset.js"
[GIN] 2020/07/06 - 15:22:27 | 200 |      3.0043ms |             ::1 | GET      "/api/swagger-ui-bundle.js"
[GIN] 2020/07/06 - 15:22:27 | 200 |       999.8µs |             ::1 | GET      "/api/doc.json"
[GIN] 2020/07/06 - 15:22:27 | 200 |    119.9973ms |             ::1 | GET      "/api/favicon-32x32.png"
[GIN] 2020/07/06 - 15:22:54 | 200 |     35.0005ms |             ::1 | POST     "/user/register"
[GIN] 2020/07/06 - 15:36:48 | 200 |            0s |             ::1 | GET      "/api/index.html"
[GIN] 2020/07/06 - 15:36:48 | 304 |            0s |             ::1 | GET      "/api/swagger-ui.css"
[GIN] 2020/07/06 - 15:36:48 | 304 |            0s |             ::1 | GET      "/api/swagger-ui-bundle.js"
[GIN] 2020/07/06 - 15:36:48 | 304 |            0s |             ::1 | GET      "/api/swagger-ui-standalone-preset.js"
[GIN] 2020/07/06 - 15:36:48 | 200 |            0s |             ::1 | GET      "/api/doc.json"
[GIN] 2020/07/06 - 15:36:48 | 200 |            0s |             ::1 | GET      "/api/favicon-32x32.png"
